This is pdfTeX, Version 3.141592653-2.6-1.40.23 (TeX Live 2022/dev) (preloaded format=pdflatex 2021.7.8)  28 JUL 2021 09:47
entering extended mode
 restricted \write18 enabled.
 %&-line parsing enabled.
**gall_analyses_L2.tex
(./gall_analyses_L2.tex
LaTeX2e <2021-06-01> patch level 1
L3 programming layer <2021-06-18> (/Users/moriahyoung/Library/TinyTeX/texmf-dis
t/tex/latex/base/article.cls
Document Class: article 2021/02/12 v1.4n Standard LaTeX document class
(/Users/moriahyoung/Library/TinyTeX/texmf-dist/tex/latex/base/size10.clo
File: size10.clo 2021/02/12 v1.4n Standard LaTeX file (size option)
)
\c@part=\count182
\c@section=\count183
\c@subsection=\count184
\c@subsubsection=\count185
\c@paragraph=\count186
\c@subparagraph=\count187
\c@figure=\count188
\c@table=\count189
\abovecaptionskip=\skip47
\belowcaptionskip=\skip48
\bibindent=\dimen138
) (/Users/moriahyoung/Library/TinyTeX/texmf-dist/tex/latex/lm/lmodern.sty
Package: lmodern 2015/05/01 v1.6.1 Latin Modern Fonts
LaTeX Font Info:    Overwriting symbol font `operators' in version `normal'
(Font)                  OT1/cmr/m/n --> OT1/lmr/m/n on input line 22.
LaTeX Font Info:    Overwriting symbol font `letters' in version `normal'
(Font)                  OML/cmm/m/it --> OML/lmm/m/it on input line 23.
LaTeX Font Info:    Overwriting symbol font `symbols' in version `normal'
(Font)                  OMS/cmsy/m/n --> OMS/lmsy/m/n on input line 24.
LaTeX Font Info:    Overwriting symbol font `largesymbols' in version `normal'
(Font)                  OMX/cmex/m/n --> OMX/lmex/m/n on input line 25.
LaTeX Font Info:    Overwriting symbol font `operators' in version `bold'
(Font)                  OT1/cmr/bx/n --> OT1/lmr/bx/n on input line 26.
LaTeX Font Info:    Overwriting symbol font `letters' in version `bold'
(Font)                  OML/cmm/b/it --> OML/lmm/b/it on input line 27.
LaTeX Font Info:    Overwriting symbol font `symbols' in version `bold'
(Font)                  OMS/cmsy/b/n --> OMS/lmsy/b/n on input line 28.
LaTeX Font Info:    Overwriting symbol font `largesymbols' in version `bold'
(Font)                  OMX/cmex/m/n --> OMX/lmex/m/n on input line 29.
LaTeX Font Info:    Overwriting math alphabet `\mathbf' in version `normal'
(Font)                  OT1/cmr/bx/n --> OT1/lmr/bx/n on input line 31.
LaTeX Font Info:    Overwriting math alphabet `\mathsf' in version `normal'
(Font)                  OT1/cmss/m/n --> OT1/lmss/m/n on input line 32.
LaTeX Font Info:    Overwriting math alphabet `\mathit' in version `normal'
(Font)                  OT1/cmr/m/it --> OT1/lmr/m/it on input line 33.
LaTeX Font Info:    Overwriting math alphabet `\mathtt' in version `normal'
(Font)                  OT1/cmtt/m/n --> OT1/lmtt/m/n on input line 34.
LaTeX Font Info:    Overwriting math alphabet `\mathbf' in version `bold'
(Font)                  OT1/cmr/bx/n --> OT1/lmr/bx/n on input line 35.
LaTeX Font Info:    Overwriting math alphabet `\mathsf' in version `bold'
(Font)                  OT1/cmss/bx/n --> OT1/lmss/bx/n on input line 36.
LaTeX Font Info:    Overwriting math alphabet `\mathit' in version `bold'
(Font)                  OT1/cmr/bx/it --> OT1/lmr/bx/it on input line 37.
LaTeX Font Info:    Overwriting math alphabet `\mathtt' in version `bold'
(Font)                  OT1/cmtt/m/n --> OT1/lmtt/m/n on input line 38.
) (/Users/moriahyoung/Library/TinyTeX/texmf-dist/tex/latex/amsfonts/amssymb.sty
Package: amssymb 2013/01/14 v3.01 AMS font symbols
(/Users/moriahyoung/Library/TinyTeX/texmf-dist/tex/latex/amsfonts/amsfonts.sty
Package: amsfonts 2013/01/14 v3.01 Basic AMSFonts support
\@emptytoks=\toks16
\symAMSa=\mathgroup4
\symAMSb=\mathgroup5
LaTeX Font Info:    Redeclaring math symbol \hbar on input line 98.
LaTeX Font Info:    Overwriting math alphabet `\mathfrak' in version `bold'
(Font)                  U/euf/m/n --> U/euf/b/n on input line 106.
)) (/Users/moriahyoung/Library/TinyTeX/texmf-dist/tex/latex/amsmath/amsmath.sty
Package: amsmath 2021/04/20 v2.17j AMS math features
\@mathmargin=\skip49
For additional information on amsmath, use the `?' option.
(/Users/moriahyoung/Library/TinyTeX/texmf-dist/tex/latex/amsmath/amstext.sty
Package: amstext 2000/06/29 v2.01 AMS text
(/Users/moriahyoung/Library/TinyTeX/texmf-dist/tex/latex/amsmath/amsgen.sty
File: amsgen.sty 1999/11/30 v2.0 generic functions
\@emptytoks=\toks17
\ex@=\dimen139
)) (/Users/moriahyoung/Library/TinyTeX/texmf-dist/tex/latex/amsmath/amsbsy.sty
Package: amsbsy 1999/11/29 v1.2d Bold Symbols
\pmbraise@=\dimen140
) (/Users/moriahyoung/Library/TinyTeX/texmf-dist/tex/latex/amsmath/amsopn.sty
Package: amsopn 2016/03/08 v2.02 operator names
)
\inf@bad=\count190
LaTeX Info: Redefining \frac on input line 234.
\uproot@=\count191
\leftroot@=\count192
LaTeX Info: Redefining \overline on input line 399.
\classnum@=\count193
\DOTSCASE@=\count194
LaTeX Info: Redefining \ldots on input line 496.
LaTeX Info: Redefining \dots on input line 499.
LaTeX Info: Redefining \cdots on input line 620.
\Mathstrutbox@=\box50
\strutbox@=\box51
\big@size=\dimen141
LaTeX Font Info:    Redeclaring font encoding OML on input line 743.
LaTeX Font Info:    Redeclaring font encoding OMS on input line 744.
\macc@depth=\count195
\c@MaxMatrixCols=\count196
\dotsspace@=\muskip16
\c@parentequation=\count197
\dspbrk@lvl=\count198
\tag@help=\toks18
\row@=\count199
\column@=\count266
\maxfields@=\count267
\andhelp@=\toks19
\eqnshift@=\dimen142
\alignsep@=\dimen143
\tagshift@=\dimen144
\tagwidth@=\dimen145
\totwidth@=\dimen146
\lineht@=\dimen147
\@envbody=\toks20
\multlinegap=\skip50
\multlinetaggap=\skip51
\mathdisplay@stack=\toks21
LaTeX Info: Redefining \[ on input line 2923.
LaTeX Info: Redefining \] on input line 2924.
) (/Users/moriahyoung/Library/TinyTeX/texmf-dist/tex/generic/iftex/ifxetex.sty
Package: ifxetex 2019/10/25 v0.7 ifxetex legacy package. Use iftex instead.
(/Users/moriahyoung/Library/TinyTeX/texmf-dist/tex/generic/iftex/iftex.sty
Package: iftex 2020/03/06 v1.0d TeX engine tests
)) (/Users/moriahyoung/Library/TinyTeX/texmf-dist/tex/generic/iftex/ifluatex.st
y
Package: ifluatex 2019/10/25 v1.5 ifluatex legacy package. Use iftex instead.
) (/Users/moriahyoung/Library/TinyTeX/texmf-dist/tex/latex/base/fontenc.sty
Package: fontenc 2021/04/29 v2.0v Standard LaTeX package
LaTeX Font Info:    Trying to load font information for T1+lmr on input line 11
2.
(/Users/moriahyoung/Library/TinyTeX/texmf-dist/tex/latex/lm/t1lmr.fd
File: t1lmr.fd 2015/05/01 v1.6.1 Font defs for Latin Modern
)) (/Users/moriahyoung/Library/TinyTeX/texmf-dist/tex/latex/base/inputenc.sty
Package: inputenc 2021/02/14 v1.3d Input encoding file
\inpenc@prehook=\toks22
\inpenc@posthook=\toks23
) (/Users/moriahyoung/Library/TinyTeX/texmf-dist/tex/latex/base/textcomp.sty
Package: textcomp 2020/02/02 v2.0n Standard LaTeX package
) (/Users/moriahyoung/Library/TinyTeX/texmf-dist/tex/latex/xcolor/xcolor.sty
Package: xcolor 2016/05/11 v2.12 LaTeX color extensions (UK)

(/Users/moriahyoung/Library/TinyTeX/texmf-dist/tex/latex/graphics-cfg/color.cfg
File: color.cfg 2016/01/02 v1.6 sample color configuration
)
Package xcolor Info: Driver file: pdftex.def on input line 225.

(/Users/moriahyoung/Library/TinyTeX/texmf-dist/tex/latex/graphics-def/pdftex.de
f
File: pdftex.def 2020/10/05 v1.2a Graphics/color driver for pdftex
)
Package xcolor Info: Model `cmy' substituted by `cmy0' on input line 1348.
Package xcolor Info: Model `hsb' substituted by `rgb' on input line 1352.
Package xcolor Info: Model `RGB' extended on input line 1364.
Package xcolor Info: Model `HTML' substituted by `rgb' on input line 1366.
Package xcolor Info: Model `Hsb' substituted by `hsb' on input line 1367.
Package xcolor Info: Model `tHsb' substituted by `hsb' on input line 1368.
Package xcolor Info: Model `HSB' substituted by `hsb' on input line 1369.
Package xcolor Info: Model `Gray' substituted by `gray' on input line 1370.
Package xcolor Info: Model `wave' substituted by `hsb' on input line 1371.
) (/Users/moriahyoung/Library/TinyTeX/texmf-dist/tex/latex/hyperref/hyperref.st
y
Package: hyperref 2021-06-07 v7.00m Hypertext links for LaTeX
(/Users/moriahyoung/Library/TinyTeX/texmf-dist/tex/generic/ltxcmds/ltxcmds.sty
Package: ltxcmds 2020-05-10 v1.25 LaTeX kernel commands for general use (HO)
)
(/Users/moriahyoung/Library/TinyTeX/texmf-dist/tex/generic/pdftexcmds/pdftexcmd
s.sty
Package: pdftexcmds 2020-06-27 v0.33 Utility functions of pdfTeX for LuaTeX (HO
)

(/Users/moriahyoung/Library/TinyTeX/texmf-dist/tex/generic/infwarerr/infwarerr.
sty
Package: infwarerr 2019/12/03 v1.5 Providing info/warning/error messages (HO)
)
Package pdftexcmds Info: \pdf@primitive is available.
Package pdftexcmds Info: \pdf@ifprimitive is available.
Package pdftexcmds Info: \pdfdraftmode found.
) (/Users/moriahyoung/Library/TinyTeX/texmf-dist/tex/latex/graphics/keyval.sty
Package: keyval 2014/10/28 v1.15 key=value parser (DPC)
\KV@toks@=\toks24
)
(/Users/moriahyoung/Library/TinyTeX/texmf-dist/tex/generic/kvsetkeys/kvsetkeys.
sty
Package: kvsetkeys 2019/12/15 v1.18 Key value parser (HO)
)
(/Users/moriahyoung/Library/TinyTeX/texmf-dist/tex/generic/kvdefinekeys/kvdefin
ekeys.sty
Package: kvdefinekeys 2019-12-19 v1.6 Define keys (HO)
)
(/Users/moriahyoung/Library/TinyTeX/texmf-dist/tex/generic/pdfescape/pdfescape.
sty
Package: pdfescape 2019/12/09 v1.15 Implements pdfTeX's escape features (HO)
) (/Users/moriahyoung/Library/TinyTeX/texmf-dist/tex/latex/hycolor/hycolor.sty
Package: hycolor 2020-01-27 v1.10 Color options for hyperref/bookmark (HO)
)
(/Users/moriahyoung/Library/TinyTeX/texmf-dist/tex/latex/letltxmacro/letltxmacr
o.sty
Package: letltxmacro 2019/12/03 v1.6 Let assignment for LaTeX macros (HO)
) (/Users/moriahyoung/Library/TinyTeX/texmf-dist/tex/latex/auxhook/auxhook.sty
Package: auxhook 2019-12-17 v1.6 Hooks for auxiliary files (HO)
)
(/Users/moriahyoung/Library/TinyTeX/texmf-dist/tex/latex/kvoptions/kvoptions.st
y
Package: kvoptions 2020-10-07 v3.14 Key value format for package options (HO)
)
\@linkdim=\dimen148
\Hy@linkcounter=\count268
\Hy@pagecounter=\count269
(/Users/moriahyoung/Library/TinyTeX/texmf-dist/tex/latex/hyperref/pd1enc.def
File: pd1enc.def 2021-06-07 v7.00m Hyperref: PDFDocEncoding definition (HO)
Now handling font encoding PD1 ...
... no UTF-8 mapping file for font encoding PD1
)
(/Users/moriahyoung/Library/TinyTeX/texmf-dist/tex/latex/hyperref/hyperref-lang
patches.def
File: hyperref-langpatches.def 2021-06-07 v7.00m Hyperref: patches for babel la
nguages
) (/Users/moriahyoung/Library/TinyTeX/texmf-dist/tex/generic/intcalc/intcalc.st
y
Package: intcalc 2019/12/15 v1.3 Expandable calculations with integers (HO)
)
(/Users/moriahyoung/Library/TinyTeX/texmf-dist/tex/generic/etexcmds/etexcmds.st
y
Package: etexcmds 2019/12/15 v1.7 Avoid name clashes with e-TeX commands (HO)
)
\Hy@SavedSpaceFactor=\count270
(/Users/moriahyoung/Library/TinyTeX/texmf-dist/tex/latex/hyperref/puenc.def
File: puenc.def 2021-06-07 v7.00m Hyperref: PDF Unicode definition (HO)
Now handling font encoding PU ...
... no UTF-8 mapping file for font encoding PU
)
Package hyperref Info: Option `unicode' set `true' on input line 4073.
Package hyperref Info: Hyper figures OFF on input line 4192.
Package hyperref Info: Link nesting OFF on input line 4197.
Package hyperref Info: Hyper index ON on input line 4200.
Package hyperref Info: Plain pages OFF on input line 4207.
Package hyperref Info: Backreferencing OFF on input line 4212.
Package hyperref Info: Implicit mode ON; LaTeX internals redefined.
Package hyperref Info: Bookmarks ON on input line 4445.
\c@Hy@tempcnt=\count271
(/Users/moriahyoung/Library/TinyTeX/texmf-dist/tex/latex/url/url.sty
\Urlmuskip=\muskip17
Package: url 2013/09/16  ver 3.4  Verb mode for urls, etc.
)
LaTeX Info: Redefining \url on input line 4804.
\XeTeXLinkMargin=\dimen149
(/Users/moriahyoung/Library/TinyTeX/texmf-dist/tex/generic/bitset/bitset.sty
Package: bitset 2019/12/09 v1.3 Handle bit-vector datatype (HO)

(/Users/moriahyoung/Library/TinyTeX/texmf-dist/tex/generic/bigintcalc/bigintcal
c.sty
Package: bigintcalc 2019/12/15 v1.5 Expandable calculations on big integers (HO
)
))
\Fld@menulength=\count272
\Field@Width=\dimen150
\Fld@charsize=\dimen151
Package hyperref Info: Hyper figures OFF on input line 6076.
Package hyperref Info: Link nesting OFF on input line 6081.
Package hyperref Info: Hyper index ON on input line 6084.
Package hyperref Info: backreferencing OFF on input line 6091.
Package hyperref Info: Link coloring OFF on input line 6096.
Package hyperref Info: Link coloring with OCG OFF on input line 6101.
Package hyperref Info: PDF/A mode OFF on input line 6106.
LaTeX Info: Redefining \ref on input line 6146.
LaTeX Info: Redefining \pageref on input line 6150.
(/Users/moriahyoung/Library/TinyTeX/texmf-dist/tex/latex/base/atbegshi-ltx.sty
Package: atbegshi-ltx 2021/01/10 v1.0c Emulation of the original atbegshi
package with kernel methods
)
\Hy@abspage=\count273
\c@Item=\count274
\c@Hfootnote=\count275
)
Package hyperref Info: Driver (autodetected): hpdftex.
(/Users/moriahyoung/Library/TinyTeX/texmf-dist/tex/latex/hyperref/hpdftex.def
File: hpdftex.def 2021-06-07 v7.00m Hyperref driver for pdfTeX

(/Users/moriahyoung/Library/TinyTeX/texmf-dist/tex/latex/base/atveryend-ltx.sty
Package: atveryend-ltx 2020/08/19 v1.0a Emulation of the original atvery packag
e
with kernel methods
)
\Fld@listcount=\count276
\c@bookmark@seq@number=\count277

(/Users/moriahyoung/Library/TinyTeX/texmf-dist/tex/latex/rerunfilecheck/rerunfi
lecheck.sty
Package: rerunfilecheck 2019/12/05 v1.9 Rerun checks for auxiliary files (HO)

(/Users/moriahyoung/Library/TinyTeX/texmf-dist/tex/generic/uniquecounter/unique
counter.sty
Package: uniquecounter 2019/12/15 v1.4 Provide unlimited unique counter (HO)
)
Package uniquecounter Info: New unique counter `rerunfilecheck' on input line 2
86.
)
\Hy@SectionHShift=\skip52
) (/Users/moriahyoung/Library/TinyTeX/texmf-dist/tex/latex/geometry/geometry.st
y
Package: geometry 2020/01/02 v5.9 Page Geometry
(/Users/moriahyoung/Library/TinyTeX/texmf-dist/tex/generic/iftex/ifvtex.sty
Package: ifvtex 2019/10/25 v1.7 ifvtex legacy package. Use iftex instead.
)
\Gm@cnth=\count278
\Gm@cntv=\count279
\c@Gm@tempcnt=\count280
\Gm@bindingoffset=\dimen152
\Gm@wd@mp=\dimen153
\Gm@odd@mp=\dimen154
\Gm@even@mp=\dimen155
\Gm@layoutwidth=\dimen156
\Gm@layoutheight=\dimen157
\Gm@layouthoffset=\dimen158
\Gm@layoutvoffset=\dimen159
\Gm@dimlist=\toks25
) (/Users/moriahyoung/Library/TinyTeX/texmf-dist/tex/latex/fancyvrb/fancyvrb.st
y
Package: fancyvrb 2021/01/20 v3.7 verbatim text (tvz,hv)
\FV@CodeLineNo=\count281
\FV@InFile=\read2
\FV@TabBox=\box52
\c@FancyVerbLine=\count282
\FV@StepNumber=\count283
\FV@OutFile=\write3
) (/Users/moriahyoung/Library/TinyTeX/texmf-dist/tex/latex/framed/framed.sty
Package: framed 2011/10/22 v 0.96: framed or shaded text with page breaks
\OuterFrameSep=\skip53
\fb@frw=\dimen160
\fb@frh=\dimen161
\FrameRule=\dimen162
\FrameSep=\dimen163
) (/Users/moriahyoung/Library/TinyTeX/texmf-dist/tex/latex/graphics/graphicx.st
y
Package: graphicx 2020/12/05 v1.2c Enhanced LaTeX Graphics (DPC,SPQR)
(/Users/moriahyoung/Library/TinyTeX/texmf-dist/tex/latex/graphics/graphics.sty
Package: graphics 2021/03/04 v1.4d Standard LaTeX Graphics (DPC,SPQR)
(/Users/moriahyoung/Library/TinyTeX/texmf-dist/tex/latex/graphics/trig.sty
Package: trig 2016/01/03 v1.10 sin cos tan (DPC)
)
(/Users/moriahyoung/Library/TinyTeX/texmf-dist/tex/latex/graphics-cfg/graphics.
cfg
File: graphics.cfg 2016/06/04 v1.11 sample graphics configuration
)
Package graphics Info: Driver file: pdftex.def on input line 107.
)
\Gin@req@height=\dimen164
\Gin@req@width=\dimen165
) (/Users/moriahyoung/Library/TinyTeX/texmf-dist/tex/latex/grffile/grffile.sty
Package: grffile 2019/11/11 v2.1 Extended file name support for graphics (legac
y)
Package grffile Info: This package is an empty stub for compatibility on input 
line 40.
) (/Users/moriahyoung/Library/TinyTeX/texmf-dist/tex/latex/booktabs/booktabs.st
y
Package: booktabs 2020/01/12 v1.61803398 Publication quality tables
\heavyrulewidth=\dimen166
\lightrulewidth=\dimen167
\cmidrulewidth=\dimen168
\belowrulesep=\dimen169
\belowbottomsep=\dimen170
\aboverulesep=\dimen171
\abovetopsep=\dimen172
\cmidrulesep=\dimen173
\cmidrulekern=\dimen174
\defaultaddspace=\dimen175
\@cmidla=\count284
\@cmidlb=\count285
\@aboverulesep=\dimen176
\@belowrulesep=\dimen177
\@thisruleclass=\count286
\@lastruleclass=\count287
\@thisrulewidth=\dimen178
) (/Users/moriahyoung/Library/TinyTeX/texmf-dist/tex/latex/tools/longtable.sty
Package: longtable 2021-05-07 v4.16 Multi-page Table package (DPC)
\LTleft=\skip54
\LTright=\skip55
\LTpre=\skip56
\LTpost=\skip57
\LTchunksize=\count288
\LTcapwidth=\dimen179
\LT@head=\box53
\LT@firsthead=\box54
\LT@foot=\box55
\LT@lastfoot=\box56
\LT@gbox=\box57
\LT@cols=\count289
\LT@rows=\count290
\c@LT@tables=\count291
\c@LT@chunks=\count292
\LT@p@ftn=\toks26
) (/Users/moriahyoung/Library/TinyTeX/texmf-dist/tex/latex/tools/array.sty
Package: array 2021/04/20 v2.5e Tabular extension package (FMi)
\col@sep=\dimen180
\ar@mcellbox=\box58
\extrarowheight=\dimen181
\NC@list=\toks27
\extratabsurround=\skip58
\backup@length=\skip59
\ar@cellbox=\box59
) (/Users/moriahyoung/Library/TinyTeX/texmf-dist/tex/latex/multirow/multirow.st
y
Package: multirow 2021/03/15 v2.8 Span multiple rows of a table
\multirow@colwidth=\skip60
\multirow@cntb=\count293
\multirow@dima=\skip61
\bigstrutjot=\dimen182
) (/Users/moriahyoung/Library/TinyTeX/texmf-dist/tex/latex/wrapfig/wrapfig.sty
\wrapoverhang=\dimen183
\WF@size=\dimen184
\c@WF@wrappedlines=\count294
\WF@box=\box60
\WF@everypar=\toks28
Package: wrapfig 2003/01/31  v 3.6
) (/Users/moriahyoung/Library/TinyTeX/texmf-dist/tex/latex/float/float.sty
Package: float 2001/11/08 v1.3d Float enhancements (AL)
\c@float@type=\count295
\float@exts=\toks29
\float@box=\box61
\@float@everytoks=\toks30
\@floatcapt=\box62
) (/Users/moriahyoung/Library/TinyTeX/texmf-dist/tex/latex/colortbl/colortbl.st
y
Package: colortbl 2020/01/04 v1.0e Color table columns (DPC)
\everycr=\toks31
\minrowclearance=\skip62
)
(/Users/moriahyoung/Library/TinyTeX/texmf-dist/tex/latex/pdflscape/pdflscape.st
y
Package: pdflscape 2019/12/05 v0.12 Display of landscape pages in PDF (HO)
(/Users/moriahyoung/Library/TinyTeX/texmf-dist/tex/latex/graphics/lscape.sty
Package: lscape 2020/05/28 v3.02 Landscape Pages (DPC)
)
Package pdflscape Info: Auto-detected driver: pdftex on input line 81.
) (/Users/moriahyoung/Library/TinyTeX/texmf-dist/tex/latex/tabu/tabu.sty
Package: tabu 2019/01/11 v2.9 - flexible LaTeX tabulars (FC+tabu-fixed)
(/Users/moriahyoung/Library/TinyTeX/texmf-dist/tex/latex/varwidth/varwidth.sty
Package: varwidth 2009/03/30 ver 0.92;  Variable-width minipages
\@vwid@box=\box63
\sift@deathcycles=\count296
\@vwid@loff=\dimen185
\@vwid@roff=\dimen186
)
\c@taburow=\count297
\tabu@nbcols=\count298
\tabu@cnt=\count299
\tabu@Xcol=\count300
\tabu@alloc=\count301
\tabu@nested=\count302
\tabu@target=\dimen187
\tabu@spreadtarget=\dimen188
\tabu@naturalX=\dimen189
\tabucolX=\dimen190
\tabu@Xsum=\dimen191
\extrarowdepth=\dimen192
\abovetabulinesep=\dimen193
\belowtabulinesep=\dimen194
\tabustrutrule=\dimen195
\tabu@thebody=\toks32
\tabu@footnotes=\toks33
\tabu@box=\box64
\tabu@arstrutbox=\box65
\tabu@hleads=\box66
\tabu@vleads=\box67
\tabu@cellskip=\skip63
)
(/Users/moriahyoung/Library/TinyTeX/texmf-dist/tex/latex/threeparttable/threepa
rttable.sty
Package: threeparttable 2003/06/13  v 3.0
\@tempboxb=\box68
)
(/Users/moriahyoung/Library/TinyTeX/texmf-dist/tex/latex/threeparttablex/threep
arttablex.sty
Package: threeparttablex 2013/07/23 v0.3 by daleif
(/Users/moriahyoung/Library/TinyTeX/texmf-dist/tex/latex/environ/environ.sty
Package: environ 2014/05/04 v0.3 A new way to define environments

(/Users/moriahyoung/Library/TinyTeX/texmf-dist/tex/latex/trimspaces/trimspaces.
sty
Package: trimspaces 2009/09/17 v1.1 Trim spaces around a token list
))
\TPTL@width=\skip64
) (/Users/moriahyoung/Library/TinyTeX/texmf-dist/tex/generic/ulem/ulem.sty
\UL@box=\box69
\UL@hyphenbox=\box70
\UL@skip=\skip65
\UL@hook=\toks34
\UL@height=\dimen196
\UL@pe=\count303
\UL@pixel=\dimen197
\ULC@box=\box71
Package: ulem 2019/11/18
\ULdepth=\dimen198
) (/Users/moriahyoung/Library/TinyTeX/texmf-dist/tex/latex/makecell/makecell.st
y
Package: makecell 2009/08/03 V0.1e Managing of Tab Column Heads and Cells
\rotheadsize=\dimen199
\c@nlinenum=\count304
\TeXr@lab=\toks35
)
(/Users/moriahyoung/Library/TinyTeX/texmf-dist/tex/latex/l3backend/l3backend-pd
ftex.def
File: l3backend-pdftex.def 2021-05-07 L3 backend support: PDF output (pdfTeX)
\l__color_backend_stack_int=\count305
\l__pdf_internal_box=\box72
) (./gall_analyses_L2.aux)
\openout1 = `gall_analyses_L2.aux'.

LaTeX Font Info:    Checking defaults for OML/cmm/m/it on input line 121.
LaTeX Font Info:    ... okay on input line 121.
LaTeX Font Info:    Checking defaults for OMS/cmsy/m/n on input line 121.
LaTeX Font Info:    ... okay on input line 121.
LaTeX Font Info:    Checking defaults for OT1/cmr/m/n on input line 121.
LaTeX Font Info:    ... okay on input line 121.
LaTeX Font Info:    Checking defaults for T1/cmr/m/n on input line 121.
LaTeX Font Info:    ... okay on input line 121.
LaTeX Font Info:    Checking defaults for TS1/cmr/m/n on input line 121.
LaTeX Font Info:    ... okay on input line 121.
LaTeX Font Info:    Checking defaults for OMX/cmex/m/n on input line 121.
LaTeX Font Info:    ... okay on input line 121.
LaTeX Font Info:    Checking defaults for U/cmr/m/n on input line 121.
LaTeX Font Info:    ... okay on input line 121.
LaTeX Font Info:    Checking defaults for PD1/pdf/m/n on input line 121.
LaTeX Font Info:    ... okay on input line 121.
LaTeX Font Info:    Checking defaults for PU/pdf/m/n on input line 121.
LaTeX Font Info:    ... okay on input line 121.

(/Users/moriahyoung/Library/TinyTeX/texmf-dist/tex/latex/epstopdf-pkg/epstopdf-
base.sty
Package: epstopdf-base 2020-01-24 v2.11 Base part for package epstopdf
Package epstopdf-base Info: Redefining graphics rule for `.eps' on input line 4
85.

(/Users/moriahyoung/Library/TinyTeX/texmf-dist/tex/latex/latexconfig/epstopdf-s
ys.cfg
File: epstopdf-sys.cfg 2010/07/13 v1.3 Configuration of (r)epstopdf for TeX Liv
e
))
Package hyperref Info: Link coloring OFF on input line 121.
(/Users/moriahyoung/Library/TinyTeX/texmf-dist/tex/latex/hyperref/nameref.sty
Package: nameref 2021-04-02 v2.47 Cross-referencing by name of section
(/Users/moriahyoung/Library/TinyTeX/texmf-dist/tex/latex/refcount/refcount.sty
Package: refcount 2019/12/15 v3.6 Data extraction from label references (HO)
)
(/Users/moriahyoung/Library/TinyTeX/texmf-dist/tex/generic/gettitlestring/getti
tlestring.sty
Package: gettitlestring 2019/12/15 v1.6 Cleanup title references (HO)
)
\c@section@level=\count306
)
LaTeX Info: Redefining \ref on input line 121.
LaTeX Info: Redefining \pageref on input line 121.
LaTeX Info: Redefining \nameref on input line 121.
(./gall_analyses_L2.out) (./gall_analyses_L2.out)
\@outlinefile=\write4
\openout4 = `gall_analyses_L2.out'.

*geometry* driver: auto-detecting
*geometry* detected driver: pdftex
*geometry* verbose mode - [ preamble ] result:
* driver: pdftex
* paper: <default>
* layout: <same size as paper>
* layoutoffset:(h,v)=(0.0pt,0.0pt)
* modes: 
* h-part:(L,W,R)=(72.26999pt, 469.75502pt, 72.26999pt)
* v-part:(T,H,B)=(72.26999pt, 650.43001pt, 72.26999pt)
* \paperwidth=614.295pt
* \paperheight=794.96999pt
* \textwidth=469.75502pt
* \textheight=650.43001pt
* \oddsidemargin=0.0pt
* \evensidemargin=0.0pt
* \topmargin=-37.0pt
* \headheight=12.0pt
* \headsep=25.0pt
* \topskip=10.0pt
* \footskip=30.0pt
* \marginparwidth=65.0pt
* \marginparsep=11.0pt
* \columnsep=10.0pt
* \skip\footins=9.0pt plus 4.0pt minus 2.0pt
* \hoffset=0.0pt
* \voffset=0.0pt
* \mag=1000
* \@twocolumnfalse
* \@twosidefalse
* \@mparswitchfalse
* \@reversemarginfalse
* (1in=72.27pt=25.4mm, 1cm=28.453pt)

LaTeX Font Info:    Trying to load font information for OT1+lmr on input line 1
23.
(/Users/moriahyoung/Library/TinyTeX/texmf-dist/tex/latex/lm/ot1lmr.fd
File: ot1lmr.fd 2015/05/01 v1.6.1 Font defs for Latin Modern
)
LaTeX Font Info:    Trying to load font information for OML+lmm on input line 1
23.
(/Users/moriahyoung/Library/TinyTeX/texmf-dist/tex/latex/lm/omllmm.fd
File: omllmm.fd 2015/05/01 v1.6.1 Font defs for Latin Modern
)
LaTeX Font Info:    Trying to load font information for OMS+lmsy on input line 
123.
(/Users/moriahyoung/Library/TinyTeX/texmf-dist/tex/latex/lm/omslmsy.fd
File: omslmsy.fd 2015/05/01 v1.6.1 Font defs for Latin Modern
)
LaTeX Font Info:    Trying to load font information for OMX+lmex on input line 
123.
(/Users/moriahyoung/Library/TinyTeX/texmf-dist/tex/latex/lm/omxlmex.fd
File: omxlmex.fd 2015/05/01 v1.6.1 Font defs for Latin Modern
)
LaTeX Font Info:    External font `lmex10' loaded for size
(Font)              <12> on input line 123.
LaTeX Font Info:    External font `lmex10' loaded for size
(Font)              <8> on input line 123.
LaTeX Font Info:    External font `lmex10' loaded for size
(Font)              <6> on input line 123.
LaTeX Font Info:    Trying to load font information for U+msa on input line 123
.
(/Users/moriahyoung/Library/TinyTeX/texmf-dist/tex/latex/amsfonts/umsa.fd
File: umsa.fd 2013/01/14 v3.01 AMS symbols A
)
LaTeX Font Info:    Trying to load font information for U+msb on input line 123
.
(/Users/moriahyoung/Library/TinyTeX/texmf-dist/tex/latex/amsfonts/umsb.fd
File: umsb.fd 2013/01/14 v3.01 AMS symbols B
)
LaTeX Font Info:    Trying to load font information for T1+lmtt on input line 1
31.
(/Users/moriahyoung/Library/TinyTeX/texmf-dist/tex/latex/lm/t1lmtt.fd
File: t1lmtt.fd 2015/05/01 v1.6.1 Font defs for Latin Modern
)
LaTeX Font Info:    Font shape `T1/lmtt/bx/n' in size <10> not available
(Font)              Font shape `T1/lmtt/b/n' tried instead on input line 133.
[1

{/Users/moriahyoung/Library/TinyTeX/texmf-var/fonts/map/pdftex/updmap/pdftex.ma
p}] [2]
Overfull \hbox (149.74318pt too wide) in paragraph at lines 336--336
[]\T1/lmtt/m/n/10 ## `summarise()` has grouped output by 'rep', 'footprint', 't
reatment'. You can override using the `.groups` argument.[] 
 []


Overfull \hbox (149.74318pt too wide) in paragraph at lines 349--349
[]\T1/lmtt/m/n/10 ## `summarise()` has grouped output by 'rep', 'footprint', 't
reatment'. You can override using the `.groups` argument.[] 
 []

[3]
Overfull \hbox (149.74318pt too wide) in paragraph at lines 362--362
[]\T1/lmtt/m/n/10 ## `summarise()` has grouped output by 'rep', 'footprint', 't
reatment'. You can override using the `.groups` argument.[] 
 []

<gall_analyses_L2_files/figure-latex/unnamed-chunk-2-1.pdf, id=23, 436.63126pt 
x 286.06876pt>
File: gall_analyses_L2_files/figure-latex/unnamed-chunk-2-1.pdf Graphic file (t
ype pdf)
<use gall_analyses_L2_files/figure-latex/unnamed-chunk-2-1.pdf>
Package pdftex.def Info: gall_analyses_L2_files/figure-latex/unnamed-chunk-2-1.
pdf  used on input line 404.
(pdftex.def)             Requested size: 436.63019pt x 286.06805pt.
[4 <./gall_analyses_L2_files/figure-latex/unnamed-chunk-2-1.pdf>]
<gall_analyses_L2_files/figure-latex/unnamed-chunk-2-2.pdf, id=36, 422.57875pt 
x 286.06876pt>
File: gall_analyses_L2_files/figure-latex/unnamed-chunk-2-2.pdf Graphic file (t
ype pdf)
<use gall_analyses_L2_files/figure-latex/unnamed-chunk-2-2.pdf>
Package pdftex.def Info: gall_analyses_L2_files/figure-latex/unnamed-chunk-2-2.
pdf  used on input line 423.
(pdftex.def)             Requested size: 422.58415pt x 286.07242pt.
<gall_analyses_L2_files/figure-latex/unnamed-chunk-2-3.pdf, id=37, 440.64626pt 
x 286.06876pt>
File: gall_analyses_L2_files/figure-latex/unnamed-chunk-2-3.pdf Graphic file (t
ype pdf)
<use gall_analyses_L2_files/figure-latex/unnamed-chunk-2-3.pdf>
Package pdftex.def Info: gall_analyses_L2_files/figure-latex/unnamed-chunk-2-3.
pdf  used on input line 431.
(pdftex.def)             Requested size: 440.65189pt x 286.07242pt.
[5 <./gall_analyses_L2_files/figure-latex/unnamed-chunk-2-2.pdf>]
<gall_analyses_L2_files/figure-latex/unnamed-chunk-2-4.pdf, id=50, 436.63126pt 
x 286.06876pt>
File: gall_analyses_L2_files/figure-latex/unnamed-chunk-2-4.pdf Graphic file (t
ype pdf)
<use gall_analyses_L2_files/figure-latex/unnamed-chunk-2-4.pdf>
Package pdftex.def Info: gall_analyses_L2_files/figure-latex/unnamed-chunk-2-4.
pdf  used on input line 458.
(pdftex.def)             Requested size: 436.63019pt x 286.06805pt.
[6 <./gall_analyses_L2_files/figure-latex/unnamed-chunk-2-3.pdf>]
<gall_analyses_L2_files/figure-latex/unnamed-chunk-2-5.pdf, id=63, 422.57875pt 
x 286.06876pt>
File: gall_analyses_L2_files/figure-latex/unnamed-chunk-2-5.pdf Graphic file (t
ype pdf)
<use gall_analyses_L2_files/figure-latex/unnamed-chunk-2-5.pdf>
Package pdftex.def Info: gall_analyses_L2_files/figure-latex/unnamed-chunk-2-5.
pdf  used on input line 477.
(pdftex.def)             Requested size: 422.58415pt x 286.07242pt.
[7 <./gall_analyses_L2_files/figure-latex/unnamed-chunk-2-4.pdf>]
<gall_analyses_L2_files/figure-latex/unnamed-chunk-2-6.pdf, id=77, 440.64626pt 
x 286.06876pt>
File: gall_analyses_L2_files/figure-latex/unnamed-chunk-2-6.pdf Graphic file (t
ype pdf)
<use gall_analyses_L2_files/figure-latex/unnamed-chunk-2-6.pdf>
Package pdftex.def Info: gall_analyses_L2_files/figure-latex/unnamed-chunk-2-6.
pdf  used on input line 485.
(pdftex.def)             Requested size: 440.65189pt x 286.07242pt.
[8 <./gall_analyses_L2_files/figure-latex/unnamed-chunk-2-5.pdf> <./gall_analys
es_L2_files/figure-latex/unnamed-chunk-2-6.pdf>]
<gall_analyses_L2_files/figure-latex/unnamed-chunk-2-7.pdf, id=98, 436.63126pt 
x 286.06876pt>
File: gall_analyses_L2_files/figure-latex/unnamed-chunk-2-7.pdf Graphic file (t
ype pdf)
<use gall_analyses_L2_files/figure-latex/unnamed-chunk-2-7.pdf>
Package pdftex.def Info: gall_analyses_L2_files/figure-latex/unnamed-chunk-2-7.
pdf  used on input line 508.
(pdftex.def)             Requested size: 436.63019pt x 286.06805pt.
<gall_analyses_L2_files/figure-latex/unnamed-chunk-2-8.pdf, id=99, 431.6125pt x
 286.06876pt>
File: gall_analyses_L2_files/figure-latex/unnamed-chunk-2-8.pdf Graphic file (t
ype pdf)
<use gall_analyses_L2_files/figure-latex/unnamed-chunk-2-8.pdf>
Package pdftex.def Info: gall_analyses_L2_files/figure-latex/unnamed-chunk-2-8.
pdf  used on input line 527.
(pdftex.def)             Requested size: 431.61801pt x 286.07242pt.
[9 <./gall_analyses_L2_files/figure-latex/unnamed-chunk-2-7.pdf>]
<gall_analyses_L2_files/figure-latex/unnamed-chunk-2-9.pdf, id=112, 440.64626pt
 x 286.06876pt>
File: gall_analyses_L2_files/figure-latex/unnamed-chunk-2-9.pdf Graphic file (t
ype pdf)
<use gall_analyses_L2_files/figure-latex/unnamed-chunk-2-9.pdf>
Package pdftex.def Info: gall_analyses_L2_files/figure-latex/unnamed-chunk-2-9.
pdf  used on input line 535.
(pdftex.def)             Requested size: 440.65189pt x 286.07242pt.
[10 <./gall_analyses_L2_files/figure-latex/unnamed-chunk-2-8.pdf> <./gall_analy
ses_L2_files/figure-latex/unnamed-chunk-2-9.pdf>]
<gall_analyses_L2_files/figure-latex/unnamed-chunk-2-10.pdf, id=133, 436.63126p
t x 286.06876pt>
File: gall_analyses_L2_files/figure-latex/unnamed-chunk-2-10.pdf Graphic file (
type pdf)
<use gall_analyses_L2_files/figure-latex/unnamed-chunk-2-10.pdf>
Package pdftex.def Info: gall_analyses_L2_files/figure-latex/unnamed-chunk-2-10
.pdf  used on input line 559.
(pdftex.def)             Requested size: 436.63019pt x 286.06805pt.
<gall_analyses_L2_files/figure-latex/unnamed-chunk-2-11.pdf, id=134, 429.605pt 
x 286.06876pt>
File: gall_analyses_L2_files/figure-latex/unnamed-chunk-2-11.pdf Graphic file (
type pdf)
<use gall_analyses_L2_files/figure-latex/unnamed-chunk-2-11.pdf>
Package pdftex.def Info: gall_analyses_L2_files/figure-latex/unnamed-chunk-2-11
.pdf  used on input line 578.
(pdftex.def)             Requested size: 429.61049pt x 286.07242pt.
[11 <./gall_analyses_L2_files/figure-latex/unnamed-chunk-2-10.pdf>]
<gall_analyses_L2_files/figure-latex/unnamed-chunk-2-12.pdf, id=147, 440.64626p
t x 286.06876pt>
File: gall_analyses_L2_files/figure-latex/unnamed-chunk-2-12.pdf Graphic file (
type pdf)
<use gall_analyses_L2_files/figure-latex/unnamed-chunk-2-12.pdf>
Package pdftex.def Info: gall_analyses_L2_files/figure-latex/unnamed-chunk-2-12
.pdf  used on input line 586.
(pdftex.def)             Requested size: 440.65189pt x 286.07242pt.
[12 <./gall_analyses_L2_files/figure-latex/unnamed-chunk-2-11.pdf> <./gall_anal
yses_L2_files/figure-latex/unnamed-chunk-2-12.pdf>]
<gall_analyses_L2_files/figure-latex/unnamed-chunk-3-1.pdf, id=169, 446.66875pt
 x 311.1625pt>
File: gall_analyses_L2_files/figure-latex/unnamed-chunk-3-1.pdf Graphic file (t
ype pdf)
<use gall_analyses_L2_files/figure-latex/unnamed-chunk-3-1.pdf>
Package pdftex.def Info: gall_analyses_L2_files/figure-latex/unnamed-chunk-3-1.
pdf  used on input line 613.
(pdftex.def)             Requested size: 446.67445pt x 311.16649pt.
[13 <./gall_analyses_L2_files/figure-latex/unnamed-chunk-3-1.pdf>]
<gall_analyses_L2_files/figure-latex/unnamed-chunk-3-2.pdf, id=183, 436.63126pt
 x 286.06876pt>
File: gall_analyses_L2_files/figure-latex/unnamed-chunk-3-2.pdf Graphic file (t
ype pdf)
<use gall_analyses_L2_files/figure-latex/unnamed-chunk-3-2.pdf>
Package pdftex.def Info: gall_analyses_L2_files/figure-latex/unnamed-chunk-3-2.
pdf  used on input line 667.
(pdftex.def)             Requested size: 436.63019pt x 286.06805pt.
<gall_analyses_L2_files/figure-latex/unnamed-chunk-3-3.pdf, id=184, 422.57875pt
 x 285.065pt>
File: gall_analyses_L2_files/figure-latex/unnamed-chunk-3-3.pdf Graphic file (t
ype pdf)
<use gall_analyses_L2_files/figure-latex/unnamed-chunk-3-3.pdf>
Package pdftex.def Info: gall_analyses_L2_files/figure-latex/unnamed-chunk-3-3.
pdf  used on input line 679.
(pdftex.def)             Requested size: 422.57771pt x 285.0643pt.
[14 <./gall_analyses_L2_files/figure-latex/unnamed-chunk-3-2.pdf>]
LaTeX Font Info:    External font `lmex10' loaded for size
(Font)              <10> on input line 724.
LaTeX Font Info:    External font `lmex10' loaded for size
(Font)              <7> on input line 724.
LaTeX Font Info:    External font `lmex10' loaded for size
(Font)              <5> on input line 724.

LaTeX Warning: `!h' float specifier changed to `!ht'.

LaTeX Font Info:    Trying to load font information for TS1+lmr on input line 7
37.
(/Users/moriahyoung/Library/TinyTeX/texmf-dist/tex/latex/lm/ts1lmr.fd
File: ts1lmr.fd 2015/05/01 v1.6.1 Font defs for Latin Modern
)

LaTeX Warning: `!h' float specifier changed to `!ht'.


LaTeX Warning: `!h' float specifier changed to `!ht'.


LaTeX Warning: `!h' float specifier changed to `!ht'.


LaTeX Warning: `!h' float specifier changed to `!ht'.

[15 <./gall_analyses_L2_files/figure-latex/unnamed-chunk-3-3.pdf>]

LaTeX Warning: `!h' float specifier changed to `!ht'.


LaTeX Warning: `!h' float specifier changed to `!ht'.


LaTeX Warning: `!h' float specifier changed to `!ht'.

[16]
<gall_analyses_L2_files/figure-latex/unnamed-chunk-3-4.pdf, id=214, 446.66875pt
 x 311.1625pt>
File: gall_analyses_L2_files/figure-latex/unnamed-chunk-3-4.pdf Graphic file (t
ype pdf)
<use gall_analyses_L2_files/figure-latex/unnamed-chunk-3-4.pdf>
Package pdftex.def Info: gall_analyses_L2_files/figure-latex/unnamed-chunk-3-4.
pdf  used on input line 875.
(pdftex.def)             Requested size: 446.67445pt x 311.16649pt.
[17] [18 <./gall_analyses_L2_files/figure-latex/unnamed-chunk-3-4.pdf>]
<gall_analyses_L2_files/figure-latex/unnamed-chunk-3-5.pdf, id=231, 436.63126pt
 x 286.06876pt>
File: gall_analyses_L2_files/figure-latex/unnamed-chunk-3-5.pdf Graphic file (t
ype pdf)
<use gall_analyses_L2_files/figure-latex/unnamed-chunk-3-5.pdf>
Package pdftex.def Info: gall_analyses_L2_files/figure-latex/unnamed-chunk-3-5.
pdf  used on input line 927.
(pdftex.def)             Requested size: 436.63019pt x 286.06805pt.
<gall_analyses_L2_files/figure-latex/unnamed-chunk-3-6.pdf, id=232, 422.57875pt
 x 285.065pt>
File: gall_analyses_L2_files/figure-latex/unnamed-chunk-3-6.pdf Graphic file (t
ype pdf)
<use gall_analyses_L2_files/figure-latex/unnamed-chunk-3-6.pdf>
Package pdftex.def Info: gall_analyses_L2_files/figure-latex/unnamed-chunk-3-6.
pdf  used on input line 939.
(pdftex.def)             Requested size: 422.57771pt x 285.0643pt.
[19 <./gall_analyses_L2_files/figure-latex/unnamed-chunk-3-5.pdf>]

LaTeX Warning: `!h' float specifier changed to `!ht'.


LaTeX Warning: `!h' float specifier changed to `!ht'.


LaTeX Warning: `!h' float specifier changed to `!ht'.


LaTeX Warning: `!h' float specifier changed to `!ht'.


LaTeX Warning: `!h' float specifier changed to `!ht'.

[20 <./gall_analyses_L2_files/figure-latex/unnamed-chunk-3-6.pdf>] [21] [22] [2
3] [24]

LaTeX Warning: `!h' float specifier changed to `!ht'.


LaTeX Warning: `!h' float specifier changed to `!ht'.


LaTeX Warning: `!h' float specifier changed to `!ht'.


LaTeX Warning: `!h' float specifier changed to `!ht'.


Overfull \vbox (1.83525pt too high) detected at line 1368
 []

[25]
<gall_analyses_L2_files/figure-latex/unnamed-chunk-4-1.pdf, id=279, 436.63126pt
 x 286.06876pt>
File: gall_analyses_L2_files/figure-latex/unnamed-chunk-4-1.pdf Graphic file (t
ype pdf)
<use gall_analyses_L2_files/figure-latex/unnamed-chunk-4-1.pdf>
Package pdftex.def Info: gall_analyses_L2_files/figure-latex/unnamed-chunk-4-1.
pdf  used on input line 1378.
(pdftex.def)             Requested size: 436.63019pt x 286.06805pt.
[26]
<gall_analyses_L2_files/figure-latex/unnamed-chunk-4-2.pdf, id=284, 422.57875pt
 x 286.06876pt>
File: gall_analyses_L2_files/figure-latex/unnamed-chunk-4-2.pdf Graphic file (t
ype pdf)
<use gall_analyses_L2_files/figure-latex/unnamed-chunk-4-2.pdf>
Package pdftex.def Info: gall_analyses_L2_files/figure-latex/unnamed-chunk-4-2.
pdf  used on input line 1397.
(pdftex.def)             Requested size: 422.58415pt x 286.07242pt.
[27 <./gall_analyses_L2_files/figure-latex/unnamed-chunk-4-1.pdf>]
<gall_analyses_L2_files/figure-latex/unnamed-chunk-4-3.pdf, id=297, 440.64626pt
 x 286.06876pt>
File: gall_analyses_L2_files/figure-latex/unnamed-chunk-4-3.pdf Graphic file (t
ype pdf)
<use gall_analyses_L2_files/figure-latex/unnamed-chunk-4-3.pdf>
Package pdftex.def Info: gall_analyses_L2_files/figure-latex/unnamed-chunk-4-3.
pdf  used on input line 1405.
(pdftex.def)             Requested size: 440.65189pt x 286.07242pt.
[28 <./gall_analyses_L2_files/figure-latex/unnamed-chunk-4-2.pdf> <./gall_analy
ses_L2_files/figure-latex/unnamed-chunk-4-3.pdf>] [29]
<gall_analyses_L2_files/figure-latex/unnamed-chunk-5-1.pdf, id=323, 463.7325pt 
x 307.1475pt>
File: gall_analyses_L2_files/figure-latex/unnamed-chunk-5-1.pdf Graphic file (t
ype pdf)
<use gall_analyses_L2_files/figure-latex/unnamed-chunk-5-1.pdf>
Package pdftex.def Info: gall_analyses_L2_files/figure-latex/unnamed-chunk-5-1.
pdf  used on input line 1486.
(pdftex.def)             Requested size: 463.73842pt x 307.15143pt.
[30 <./gall_analyses_L2_files/figure-latex/unnamed-chunk-5-1.pdf>]
<gall_analyses_L2_files/figure-latex/unnamed-chunk-6-1.pdf, id=335, 436.63126pt
 x 286.06876pt>
File: gall_analyses_L2_files/figure-latex/unnamed-chunk-6-1.pdf Graphic file (t
ype pdf)
<use gall_analyses_L2_files/figure-latex/unnamed-chunk-6-1.pdf>
Package pdftex.def Info: gall_analyses_L2_files/figure-latex/unnamed-chunk-6-1.
pdf  used on input line 1552.
(pdftex.def)             Requested size: 436.63019pt x 286.06805pt.
[31 <./gall_analyses_L2_files/figure-latex/unnamed-chunk-6-1.pdf>]
<gall_analyses_L2_files/figure-latex/unnamed-chunk-6-2.pdf, id=349, 424.58624pt
 x 286.06876pt>
File: gall_analyses_L2_files/figure-latex/unnamed-chunk-6-2.pdf Graphic file (t
ype pdf)
<use gall_analyses_L2_files/figure-latex/unnamed-chunk-6-2.pdf>
Package pdftex.def Info: gall_analyses_L2_files/figure-latex/unnamed-chunk-6-2.
pdf  used on input line 1571.
(pdftex.def)             Requested size: 424.59167pt x 286.07242pt.
<gall_analyses_L2_files/figure-latex/unnamed-chunk-6-3.pdf, id=350, 440.64626pt
 x 286.06876pt>
File: gall_analyses_L2_files/figure-latex/unnamed-chunk-6-3.pdf Graphic file (t
ype pdf)
<use gall_analyses_L2_files/figure-latex/unnamed-chunk-6-3.pdf>
Package pdftex.def Info: gall_analyses_L2_files/figure-latex/unnamed-chunk-6-3.
pdf  used on input line 1579.
(pdftex.def)             Requested size: 440.65189pt x 286.07242pt.
[32 <./gall_analyses_L2_files/figure-latex/unnamed-chunk-6-2.pdf> <./gall_analy
ses_L2_files/figure-latex/unnamed-chunk-6-3.pdf>]
<gall_analyses_L2_files/figure-latex/unnamed-chunk-6-4.pdf, id=371, 446.66875pt
 x 311.1625pt>
File: gall_analyses_L2_files/figure-latex/unnamed-chunk-6-4.pdf Graphic file (t
ype pdf)
<use gall_analyses_L2_files/figure-latex/unnamed-chunk-6-4.pdf>
Package pdftex.def Info: gall_analyses_L2_files/figure-latex/unnamed-chunk-6-4.
pdf  used on input line 1608.
(pdftex.def)             Requested size: 446.67445pt x 311.16649pt.
[33 <./gall_analyses_L2_files/figure-latex/unnamed-chunk-6-4.pdf>]
<gall_analyses_L2_files/figure-latex/unnamed-chunk-6-5.pdf, id=384, 436.63126pt
 x 286.06876pt>
File: gall_analyses_L2_files/figure-latex/unnamed-chunk-6-5.pdf Graphic file (t
ype pdf)
<use gall_analyses_L2_files/figure-latex/unnamed-chunk-6-5.pdf>
Package pdftex.def Info: gall_analyses_L2_files/figure-latex/unnamed-chunk-6-5.
pdf  used on input line 1653.
(pdftex.def)             Requested size: 436.63019pt x 286.06805pt.
<gall_analyses_L2_files/figure-latex/unnamed-chunk-6-6.pdf, id=385, 424.58624pt
 x 285.065pt>
File: gall_analyses_L2_files/figure-latex/unnamed-chunk-6-6.pdf Graphic file (t
ype pdf)
<use gall_analyses_L2_files/figure-latex/unnamed-chunk-6-6.pdf>
Package pdftex.def Info: gall_analyses_L2_files/figure-latex/unnamed-chunk-6-6.
pdf  used on input line 1665.
(pdftex.def)             Requested size: 424.5852pt x 285.0643pt.
[34 <./gall_analyses_L2_files/figure-latex/unnamed-chunk-6-5.pdf>] [35 <./gall_
analyses_L2_files/figure-latex/unnamed-chunk-6-6.pdf>] [36]
<gall_analyses_L2_files/figure-latex/unnamed-chunk-7-1.pdf, id=414, 436.63126pt
 x 286.06876pt>
File: gall_analyses_L2_files/figure-latex/unnamed-chunk-7-1.pdf Graphic file (t
ype pdf)
<use gall_analyses_L2_files/figure-latex/unnamed-chunk-7-1.pdf>
Package pdftex.def Info: gall_analyses_L2_files/figure-latex/unnamed-chunk-7-1.
pdf  used on input line 1784.
(pdftex.def)             Requested size: 436.63019pt x 286.06805pt.
<gall_analyses_L2_files/figure-latex/unnamed-chunk-7-2.pdf, id=415, 424.58624pt
 x 286.06876pt>
File: gall_analyses_L2_files/figure-latex/unnamed-chunk-7-2.pdf Graphic file (t
ype pdf)
<use gall_analyses_L2_files/figure-latex/unnamed-chunk-7-2.pdf>
Package pdftex.def Info: gall_analyses_L2_files/figure-latex/unnamed-chunk-7-2.
pdf  used on input line 1803.
(pdftex.def)             Requested size: 424.59167pt x 286.07242pt.
[37 <./gall_analyses_L2_files/figure-latex/unnamed-chunk-7-1.pdf>]
<gall_analyses_L2_files/figure-latex/unnamed-chunk-7-3.pdf, id=429, 440.64626pt
 x 286.06876pt>
File: gall_analyses_L2_files/figure-latex/unnamed-chunk-7-3.pdf Graphic file (t
ype pdf)
<use gall_analyses_L2_files/figure-latex/unnamed-chunk-7-3.pdf>
Package pdftex.def Info: gall_analyses_L2_files/figure-latex/unnamed-chunk-7-3.
pdf  used on input line 1811.
(pdftex.def)             Requested size: 440.65189pt x 286.07242pt.
[38 <./gall_analyses_L2_files/figure-latex/unnamed-chunk-7-2.pdf> <./gall_analy
ses_L2_files/figure-latex/unnamed-chunk-7-3.pdf>]
<gall_analyses_L2_files/figure-latex/unnamed-chunk-7-4.pdf, id=451, 446.66875pt
 x 311.1625pt>
File: gall_analyses_L2_files/figure-latex/unnamed-chunk-7-4.pdf Graphic file (t
ype pdf)
<use gall_analyses_L2_files/figure-latex/unnamed-chunk-7-4.pdf>
Package pdftex.def Info: gall_analyses_L2_files/figure-latex/unnamed-chunk-7-4.
pdf  used on input line 1840.
(pdftex.def)             Requested size: 446.67445pt x 311.16649pt.
[39 <./gall_analyses_L2_files/figure-latex/unnamed-chunk-7-4.pdf>]
<gall_analyses_L2_files/figure-latex/unnamed-chunk-7-5.pdf, id=464, 436.63126pt
 x 286.06876pt>
File: gall_analyses_L2_files/figure-latex/unnamed-chunk-7-5.pdf Graphic file (t
ype pdf)
<use gall_analyses_L2_files/figure-latex/unnamed-chunk-7-5.pdf>
Package pdftex.def Info: gall_analyses_L2_files/figure-latex/unnamed-chunk-7-5.
pdf  used on input line 1885.
(pdftex.def)             Requested size: 436.63019pt x 286.06805pt.
<gall_analyses_L2_files/figure-latex/unnamed-chunk-7-6.pdf, id=465, 424.58624pt
 x 285.065pt>
File: gall_analyses_L2_files/figure-latex/unnamed-chunk-7-6.pdf Graphic file (t
ype pdf)
<use gall_analyses_L2_files/figure-latex/unnamed-chunk-7-6.pdf>
Package pdftex.def Info: gall_analyses_L2_files/figure-latex/unnamed-chunk-7-6.
pdf  used on input line 1897.
(pdftex.def)             Requested size: 424.5852pt x 285.0643pt.
[40 <./gall_analyses_L2_files/figure-latex/unnamed-chunk-7-5.pdf>] [41 <./gall_
analyses_L2_files/figure-latex/unnamed-chunk-7-6.pdf>] [42] [43] (./gall_analys
es_L2.aux)
Package rerunfilecheck Info: File `gall_analyses_L2.out' has not changed.
(rerunfilecheck)             Checksum: D41D8CD98F00B204E9800998ECF8427E;0.
 ) 
Here is how much of TeX's memory you used:
 12387 strings out of 480477
 193118 string characters out of 5898168
 510537 words of memory out of 5000000
 29765 multiletter control sequences out of 15000+600000
 441144 words of font info for 67 fonts, out of 8000000 for 9000
 14 hyphenation exceptions out of 8191
 60i,11n,66p,402b,471s stack positions out of 5000i,500n,10000p,200000b,80000s
{/Users/moriahyoung/Library/TinyTeX/texmf-dist/fonts/enc/dvips/lm/lm-ts1.enc}
{/Users/moriahyoung/Library/TinyTeX/texmf-dist/fonts/enc/dvips/lm/lm-ec.enc}</U
sers/moriahyoung/Library/TinyTeX/texmf-dist/fonts/type1/public/lm/lmr10.pfb></U
sers/moriahyoung/Library/TinyTeX/texmf-dist/fonts/type1/public/lm/lmr12.pfb></U
sers/moriahyoung/Library/TinyTeX/texmf-dist/fonts/type1/public/lm/lmr17.pfb></U
sers/moriahyoung/Library/TinyTeX/texmf-dist/fonts/type1/public/lm/lmtk10.pfb></
Users/moriahyoung/Library/TinyTeX/texmf-dist/fonts/type1/public/lm/lmtt10.pfb><
/Users/moriahyoung/Library/TinyTeX/texmf-dist/fonts/type1/public/lm/lmtti10.pfb
>
Output written on gall_analyses_L2.pdf (43 pages, 542687 bytes).
PDF statistics:
 544 PDF objects out of 1000 (max. 8388607)
 380 compressed objects within 4 object streams
 44 named destinations out of 1000 (max. 500000)
 171 words of extra memory for PDF output out of 10000 (max. 10000000)

